<?xml version="1.0" encoding="UTF-8"?>
<!-- Generated by org.testng.reporters.JUnitReportReporter -->
<testsuite hostname="DESKTOP-UO1OTNH" failures="0" tests="3" name="automationexerciseshoping.LoginFunctionality" time="18.350" errors="0" timestamp="2024-08-09T03:00:35 IST" skipped="0">
  <testcase classname="automationexerciseshoping.LoginFunctionality" name="negativeLoginTestInvalidPassword" time="4.755"/>
  <system-out>
    <![CDATA[Starting negative login test with invalid password...
Navigated to the automation exercise website.
Clicked on 'Signup / Login' button.
Entered valid email address.
Entered invalid password.
Clicked on the 'Login' button.
Login failed as expected. Error message is displayed.]]>
  </system-out>
  <testcase classname="automationexerciseshoping.LoginFunctionality" name="positiveLoginTest" time="7.200"/>
  <system-out>
    <![CDATA[Starting positive login test...
Navigated to the automation exercise website.
Clicked on 'Signup / Login' button.
Entered valid email address.
Entered valid password.
Clicked on the 'Login' button.
Login successful, 'Logout' button is visible.
Clicked on 'Logout' button.]]>
  </system-out>
  <testcase classname="automationexerciseshoping.LoginFunctionality" name="negativeLoginTestInvalidEmail" time="6.395"/>
  <system-out>
    <![CDATA[Starting negative login test with invalid email...
Navigated to the automation exercise website.
Clicked on 'Signup / Login' button.
Entered invalid email address.
Entered valid password.
Clicked on the 'Login' button.
Login failed as expected. Error message is displayed.]]>
  </system-out>
</testsuite> <!-- automationexerciseshoping.LoginFunctionality -->
