<?xml version="1.0" encoding="UTF-8"?>
<!-- Generated by org.testng.reporters.JUnitReportReporter -->
<testsuite hostname="DESKTOP-UO1OTNH" failures="0" tests="6" name="automationexerciseshoping.Handle_iframe" time="39.181" errors="0" timestamp="2024-08-12T04:52:04 IST" skipped="0">
  <testcase classname="automationexerciseshoping.Handle_iframe" name="loadFramePracticePage" time="11.780"/>
  <system-out/>
  <testcase classname="automationexerciseshoping.Handle_iframe" name="addTextInMainFrame" time="4.128"/>
  <system-out/>
  <testcase classname="automationexerciseshoping.Handle_iframe" name="handleFirstFrame" time="9.698"/>
  <system-out>
    <![CDATA[Verify that Dropdown selects Java]]>
  </system-out>
  <testcase classname="automationexerciseshoping.Handle_iframe" name="handleSecondFrame" time="9.758"/>
  <system-out>
    <![CDATA[Male Radio button selected
Female Radio button selected]]>
  </system-out>
  <testcase classname="automationexerciseshoping.Handle_iframe" name="goBackToFirstFrame" time="3.476"/>
  <system-out>
    <![CDATA[Verify that Dropdown selects Java]]>
  </system-out>
  <testcase classname="automationexerciseshoping.Handle_iframe" name="takeScreenshot" time="0.341"/>
  <system-out/>
</testsuite> <!-- automationexerciseshoping.Handle_iframe -->
