<?xml version="1.0" encoding="UTF-8"?>
<!-- Generated by org.testng.reporters.JUnitReportReporter -->
<testsuite hostname="DESKTOP-UO1OTNH" failures="0" tests="2" name="AutomationQA2.AutomationDemo2.TestLoginPage" time="14.502" errors="0" timestamp="2024-08-08T01:05:06 IST" skipped="0">
  <testcase classname="AutomationQA2.AutomationDemo2.TestLoginPage" name="loginWithValidCredentials" time="11.553"/>
  <system-out>
    <![CDATA[Navigating to the login page
Entering username
Entered username successfully
Entering password
Entered password successfully
Clicking on the login button
Clicked on login button successfully
Verifying successful login
Login successful
Verifying logout button is visible]]>
  </system-out>
  <testcase classname="AutomationQA2.AutomationDemo2.TestLoginPage" name="logout" time="2.949"/>
  <system-out>
    <![CDATA[Clicking on the logout button
Verifying successful logout
Logout successful
Verifying login button is visible again]]>
  </system-out>
</testsuite> <!-- AutomationQA2.AutomationDemo2.TestLoginPage -->
