<?xml version="1.0" encoding="UTF-8"?>
<!-- Generated by org.testng.reporters.JUnitReportReporter -->
<testsuite hostname="DESKTOP-UO1OTNH" failures="0" tests="3" name="automationexerciseshoping.ScrollDown" time="15.101" errors="0" timestamp="2024-08-12T02:52:39 IST" skipped="0">
  <testcase classname="automationexerciseshoping.ScrollDown" name="scrollDown" time="11.746"/>
  <system-out>
    <![CDATA[Error: no such element: Unable to locate element: {"method":"xpath","selector":"//select[@id='course']"}
  (Session info: chrome=127.0.6533.100)
For documentation on this error, please visit: https://selenium.dev/exceptions/#no_such_element
Build info: version: '4.9.0', revision: 'd7057100a6'
System info: os.name: 'Windows 11', os.arch: 'amd64', os.version: '10.0', java.version: '17.0.10'
Driver info: org.openqa.selenium.chrome.ChromeDriver
Command: [4994452aa992144d082bfef1d4708a42, findElement {using=xpath, value=//select[@id='course']}]
Capabilities {acceptInsecureCerts: false, browserName: chrome, browserVersion: 127.0.6533.100, chrome: {chromedriverVersion: 127.0.6533.99 (f31af5097d90..., userDataDir: C:\Users\LENOVO\AppData\Loc...}, fedcm:accounts: true, goog:chromeOptions: {debuggerAddress: localhost:62524}, networkConnectionEnabled: false, pageLoadStrategy: normal, platformName: WINDOWS, proxy: Proxy(), se:cdp: ws://localhost:62524/devtoo..., se:cdpVersion: 127.0.6533.100, setWindowRect: true, strictFileInteractability: false, timeouts: {implicit: 0, pageLoad: 300000, script: 30000}, unhandledPromptBehavior: dismiss and notify, webauthn:extension:credBlob: true, webauthn:extension:largeBlob: true, webauthn:extension:minPinLength: true, webauthn:extension:prf: true, webauthn:virtualAuthenticators: true}
Session ID: 4994452aa992144d082bfef1d4708a42]]>
  </system-out>
  <testcase classname="automationexerciseshoping.ScrollDown" name="scrollIntoView" time="3.316"/>
  <system-out/>
  <testcase classname="automationexerciseshoping.ScrollDown" name="scrollUp" time="0.039"/>
  <system-out>
    <![CDATA[Scrolled up successfully]]>
  </system-out>
</testsuite> <!-- automationexerciseshoping.ScrollDown -->
