<?xml version="1.0" encoding="UTF-8"?>
<!-- Generated by org.testng.reporters.JUnitReportReporter -->
<testsuite hostname="DESKTOP-UO1OTNH" failures="0" tests="1" name="AutomationQA2.AutomationDemo2.SampleTest" time="0.028" errors="0" timestamp="2024-08-07T23:59:18 IST" skipped="0">
  <testcase classname="AutomationQA2.AutomationDemo2.SampleTest" name="testMethod" time="0.028"/>
  <system-out/>
</testsuite> <!-- AutomationQA2.AutomationDemo2.SampleTest -->
