<?xml version="1.0" encoding="UTF-8"?>
<!-- Generated by org.testng.reporters.JUnitReportReporter -->
<testsuite hostname="DESKTOP-UO1OTNH" failures="0" tests="2" name="automationexerciseshoping.printExcel" time="14.200" errors="0" timestamp="2024-08-12T17:57:21 IST" skipped="0">
  <testcase classname="automationexerciseshoping.printExcel" name="loadFramePracticePage" time="9.793"/>
  <system-out/>
  <testcase classname="automationexerciseshoping.printExcel" name="addTextInMainFrame" time="4.407"/>
  <system-out/>
</testsuite> <!-- automationexerciseshoping.printExcel -->
