<?xml version="1.0" encoding="UTF-8"?>
<!-- Generated by org.testng.reporters.JUnitReportReporter -->
<testsuite hostname="DESKTOP-UO1OTNH" failures="0" tests="1" name="AutomationQA2.AutomationDemo2.verifybrokenlinksparabank" time="30.963" errors="0" timestamp="2024-08-08T12:27:33 IST" skipped="0">
  <testcase classname="AutomationQA2.AutomationDemo2.verifybrokenlinksparabank" name="checkBrokenLinks" time="30.963"/>
  <system-out>
    <![CDATA[Navigating to the Parabank page
Fetching all links on the page
Valid link: https://parabank.parasoft.com/parabank/admin.htm;jsessionid=8743435FA0E7B27C221E4A801849F192 - Response Code: 200
Valid link: https://parabank.parasoft.com/parabank/index.htm;jsessionid=8743435FA0E7B27C221E4A801849F192 - Response Code: 200
Valid link: https://parabank.parasoft.com/parabank/about.htm;jsessionid=8743435FA0E7B27C221E4A801849F192 - Response Code: 200
Valid link: https://parabank.parasoft.com/parabank/services.htm;jsessionid=8743435FA0E7B27C221E4A801849F192 - Response Code: 200
Valid link: http://www.parasoft.com/jsp/products.jsp - Response Code: 301
Valid link: http://www.parasoft.com/jsp/pr/contacts.jsp - Response Code: 301
Valid link: https://parabank.parasoft.com/parabank/admin.htm;jsessionid=8743435FA0E7B27C221E4A801849F192 - Response Code: 200
Valid link: https://parabank.parasoft.com/parabank/index.htm;jsessionid=8743435FA0E7B27C221E4A801849F192 - Response Code: 200
Valid link: https://parabank.parasoft.com/parabank/about.htm;jsessionid=8743435FA0E7B27C221E4A801849F192 - Response Code: 200
Valid link: https://parabank.parasoft.com/parabank/contact.htm;jsessionid=8743435FA0E7B27C221E4A801849F192 - Response Code: 200
Valid link: https://parabank.parasoft.com/parabank/lookup.htm;jsessionid=8743435FA0E7B27C221E4A801849F192 - Response Code: 200
Valid link: https://parabank.parasoft.com/parabank/register.htm;jsessionid=8743435FA0E7B27C221E4A801849F192 - Response Code: 200
Valid link: https://parabank.parasoft.com/parabank/services/ParaBank;jsessionid=8743435FA0E7B27C221E4A801849F192?wsdl - Response Code: 200
Valid link: https://parabank.parasoft.com/parabank/services/ParaBank;jsessionid=8743435FA0E7B27C221E4A801849F192?wsdl - Response Code: 200
Valid link: https://parabank.parasoft.com/parabank/services/ParaBank;jsessionid=8743435FA0E7B27C221E4A801849F192?wsdl - Response Code: 200
Valid link: https://parabank.parasoft.com/parabank/services/ParaBank;jsessionid=8743435FA0E7B27C221E4A801849F192?wsdl - Response Code: 200
Valid link: https://parabank.parasoft.com/parabank/services/bank;jsessionid=8743435FA0E7B27C221E4A801849F192?_wadl&_type=xml - Response Code: 200
Valid link: https://parabank.parasoft.com/parabank/services/bank;jsessionid=8743435FA0E7B27C221E4A801849F192?_wadl&_type=xml - Response Code: 200
Valid link: https://parabank.parasoft.com/parabank/services/bank;jsessionid=8743435FA0E7B27C221E4A801849F192?_wadl&_type=xml - Response Code: 200
Valid link: https://parabank.parasoft.com/parabank/services.htm;jsessionid=8743435FA0E7B27C221E4A801849F192 - Response Code: 200
Valid link: https://parabank.parasoft.com/parabank/news.htm;jsessionid=8743435FA0E7B27C221E4A801849F192#6 - Response Code: 200
Valid link: https://parabank.parasoft.com/parabank/news.htm;jsessionid=8743435FA0E7B27C221E4A801849F192#5 - Response Code: 200
Valid link: https://parabank.parasoft.com/parabank/news.htm;jsessionid=8743435FA0E7B27C221E4A801849F192#4 - Response Code: 200
Valid link: https://parabank.parasoft.com/parabank/news.htm;jsessionid=8743435FA0E7B27C221E4A801849F192 - Response Code: 200
Valid link: https://parabank.parasoft.com/parabank/index.htm;jsessionid=8743435FA0E7B27C221E4A801849F192 - Response Code: 200
Valid link: https://parabank.parasoft.com/parabank/about.htm;jsessionid=8743435FA0E7B27C221E4A801849F192 - Response Code: 200
Valid link: https://parabank.parasoft.com/parabank/services.htm;jsessionid=8743435FA0E7B27C221E4A801849F192 - Response Code: 200
Valid link: http://www.parasoft.com/jsp/products.jsp - Response Code: 301
Valid link: http://www.parasoft.com/jsp/pr/contacts.jsp - Response Code: 301
Valid link: http://forums.parasoft.com/ - Response Code: 301
Valid link: https://parabank.parasoft.com/parabank/sitemap.htm;jsessionid=8743435FA0E7B27C221E4A801849F192 - Response Code: 200
Valid link: https://parabank.parasoft.com/parabank/contact.htm;jsessionid=8743435FA0E7B27C221E4A801849F192 - Response Code: 200
Valid link: http://www.parasoft.com/ - Response Code: 301
Response Code 200: 27
Response Code 301: 6]]>
  </system-out>
</testsuite> <!-- AutomationQA2.AutomationDemo2.verifybrokenlinksparabank -->
