<?xml version="1.0" encoding="UTF-8"?>
<!-- Generated by org.testng.reporters.JUnitReportReporter -->
<testsuite hostname="DESKTOP-UO1OTNH" failures="0" tests="3" name="automationexerciseshoping.checkElement" time="3.902" errors="0" timestamp="2024-08-09T02:19:08 IST" skipped="0">
  <testcase classname="automationexerciseshoping.checkElement" name="Test2" time="2.348"/>
  <system-out>
    <![CDATA[Verify that user gets an error message if trying to log in without entering username and password
Error message displayed correctly: 'Please fill out this field'
Verify the sign-up process with all fields
1. Enter the username in username textfield
2. Enter the Email in Email textfield
3. Click on the SignUp button
5. Enter the password in the password field
Password successfully entered]]>
  </system-out>
  <testcase classname="automationexerciseshoping.checkElement" name="Test3" time="0.015"/>
  <system-out/>
  <testcase classname="automationexerciseshoping.checkElement" name="Test1" time="1.539"/>
  <system-out>
    <![CDATA[1. Go to the Web Application
2. Check the visibility of Signup/login option link
3. Verify the 'New User Signup' text is displayed
4. 'New User Signup!' text is displayed correctly]]>
  </system-out>
</testsuite> <!-- automationexerciseshoping.checkElement -->
