<?xml version="1.0" encoding="UTF-8"?>
<!-- Generated by org.testng.reporters.JUnitReportReporter -->
<testsuite hostname="DESKTOP-UO1OTNH" failures="0" tests="1" name="AutomationQA2.AutomationDemo2.TestLoginfunctionality" time="7.125" errors="0" timestamp="2024-08-08T02:31:41 IST" skipped="0">
  <testcase classname="AutomationQA2.AutomationDemo2.TestLoginfunctionality" name="loginFunctionality" time="7.125"/>
  <system-out>
    <![CDATA[1. Navigating to the Parabank login page
2. Entering username
Entered username: rajvarma
3. Entering password
Entered password
4. Clicking on the login button
5. Verifying successful login
Login result: Accounts Overview]]>
  </system-out>
</testsuite> <!-- AutomationQA2.AutomationDemo2.TestLoginfunctionality -->
