<?xml version="1.0" encoding="UTF-8"?>
<!-- Generated by org.testng.reporters.JUnitReportReporter -->
<testsuite hostname="DESKTOP-UO1OTNH" failures="0" tests="1" name="automationexerciseshoping.SignupAndDeleteAccountTest" time="16.012" errors="0" timestamp="2024-08-09T02:33:33 IST" skipped="0">
  <testcase classname="automationexerciseshoping.SignupAndDeleteAccountTest" name="testSignupAndDeleteAccount" time="16.012"/>
  <system-out>
    <![CDATA[1. Launch browser
2. Navigate to URL 'http://automationexercise.com'
3. Verify that home page is visible successfully
4. Click on 'Signup / Login' button
5. Verify 'New User Signup!' is visible
6. Enter name and email address
7. Click 'Signup' button
8. Verify that 'ENTER ACCOUNT INFORMATION' is visible
9. Fill details: Title, Name, Email, Password, Date of birth
10. Select checkbox 'Sign up for our newsletter!'
11. Select checkbox 'Receive special offers from our partners!'
12. Fill details: First name, Last name, Company, Address, Address2, Country, State, City, Zipcode, Mobile Number
13. Click 'Create Account' button
14. Verify that 'ACCOUNT CREATED!' is visible
15. Click 'Continue' button
16. Verify that 'Logged in as username' is visible
17. Click 'Delete Account' button
18. Verify that 'ACCOUNT DELETED!' is visible and click 'Continue' button]]>
  </system-out>
</testsuite> <!-- automationexerciseshoping.SignupAndDeleteAccountTest -->
