<?xml version="1.0" encoding="UTF-8"?>
<!-- Generated by org.testng.reporters.JUnitReportReporter -->
<testsuite hostname="DESKTOP-UO1OTNH" failures="0" tests="1" name="automationexerciseshoping.Handle_Windows" time="33.154" errors="0" timestamp="2024-08-12T03:10:17 IST" skipped="0">
  <testcase classname="automationexerciseshoping.Handle_Windows" name="handleMultipleWindows" time="33.154"/>
  <system-out/>
</testsuite> <!-- automationexerciseshoping.Handle_Windows -->
