<?xml version="1.0" encoding="UTF-8"?>
<!-- Generated by org.testng.reporters.JUnitReportReporter -->
<testsuite hostname="DESKTOP-UO1OTNH" failures="0" tests="1" name="AutomationQA2.AutomationDemo2.CrossBrowserTest" time="7.150" errors="0" timestamp="2024-08-10T12:33:22 IST" skipped="0">
  <testcase classname="AutomationQA2.AutomationDemo2.CrossBrowserTest" name="testGoogleSearch" time="7.150"/>
  <system-out/>
</testsuite> <!-- AutomationQA2.AutomationDemo2.CrossBrowserTest -->
