<?xml version="1.0" encoding="UTF-8"?>
<!-- Generated by org.testng.reporters.JUnitReportReporter -->
<testsuite hostname="DESKTOP-UO1OTNH" failures="0" tests="3" name="automationexerciseshoping.SignUpFunctionality" time="8.082" errors="0" timestamp="2024-08-09T02:21:48 IST" skipped="0">
  <testcase classname="automationexerciseshoping.SignUpFunctionality" name="Test2" time="0.325"/>
  <system-out>
    <![CDATA[Verify that user gets an error message if trying to log in without entering username and password
Error message displayed correctly: 'Please fill out this field']]>
  </system-out>
  <testcase classname="automationexerciseshoping.SignUpFunctionality" name="Test1" time="1.363"/>
  <system-out>
    <![CDATA[1. Go to the Web Application
2. Check the visibility of Signup/login option link
3. Verify the 'New User Signup' text is displayed
4. 'New User Signup!' text is displayed correctly]]>
  </system-out>
  <testcase classname="automationexerciseshoping.SignUpFunctionality" name="Test3" time="6.394"/>
  <system-out>
    <![CDATA[Verify the sign-up process with all fields
1. Enter the username in username textfield
2. Enter the Email in Email textfield
3. Click on the SignUp button
4. Entering data in password required fields
5. Enter the Date of Birth
6. Verify the Checkbox functionality
7. Verify the 'Newsletter' checkbox is initially unchecked.
8. Verify the 'Opt-in' checkbox is initially unchecked.
9. Click on the 'Newsletter' checkbox to select it.
10. Click on the 'Opt-in' checkbox to select it.
11. Verify the 'Newsletter' checkbox is now selected.
12. Verify the 'Opt-in' checkbox is now selected.
13. Click on the 'Newsletter' checkbox to unselect it.
14. Click on the 'Opt-in' checkbox to unselect it.
15. Verify the 'Newsletter' checkbox is now unchecked.
16. Verify the 'Opt-in' checkbox is now unchecked.
17. Enter address information
18. Enter the First Name
19. Enter the Last Name
20. Enter the Company
21. Enter Address1
22. Enter Address2
23. Select Country from the dropdown
24. Enter State
25. Enter City
26. Enter Zip Code
27. Enter Mobile Number
28. Click on the Create Account button
29. Wait until the password field is not found.
30. Verify the account creation process
31. Sign-up process completed.]]>
  </system-out>
</testsuite> <!-- automationexerciseshoping.SignUpFunctionality -->
