<?xml version="1.0" encoding="UTF-8"?>
<!-- Generated by org.testng.reporters.JUnitReportReporter -->
<testsuite hostname="DESKTOP-UO1OTNH" failures="0" tests="1" name="AutomationQA2.AutomationDemo2.ElementChecker" time="33.076" errors="0" timestamp="2024-08-08T12:38:57 IST" skipped="0">
  <testcase classname="AutomationQA2.AutomationDemo2.ElementChecker" name="checkElementsOnPage" time="33.076"/>
  <system-out>
    <![CDATA[Navigating to the Parabank page
Fetching and checking all links on the page
Valid link: https://parabank.parasoft.com/parabank/admin.htm;jsessionid=B42EDF0A440C944AD807EC2D3F96B2C6 - Response Code: 200
Valid link: https://parabank.parasoft.com/parabank/index.htm;jsessionid=B42EDF0A440C944AD807EC2D3F96B2C6 - Response Code: 200
Valid link: https://parabank.parasoft.com/parabank/about.htm;jsessionid=B42EDF0A440C944AD807EC2D3F96B2C6 - Response Code: 200
Valid link: https://parabank.parasoft.com/parabank/services.htm;jsessionid=B42EDF0A440C944AD807EC2D3F96B2C6 - Response Code: 200
Valid link: http://www.parasoft.com/jsp/products.jsp - Response Code: 301
Valid link: http://www.parasoft.com/jsp/pr/contacts.jsp - Response Code: 301
Valid link: https://parabank.parasoft.com/parabank/admin.htm;jsessionid=B42EDF0A440C944AD807EC2D3F96B2C6 - Response Code: 200
Valid link: https://parabank.parasoft.com/parabank/index.htm;jsessionid=B42EDF0A440C944AD807EC2D3F96B2C6 - Response Code: 200
Valid link: https://parabank.parasoft.com/parabank/about.htm;jsessionid=B42EDF0A440C944AD807EC2D3F96B2C6 - Response Code: 200
Valid link: https://parabank.parasoft.com/parabank/contact.htm;jsessionid=B42EDF0A440C944AD807EC2D3F96B2C6 - Response Code: 200
Valid link: https://parabank.parasoft.com/parabank/lookup.htm;jsessionid=B42EDF0A440C944AD807EC2D3F96B2C6 - Response Code: 200
Valid link: https://parabank.parasoft.com/parabank/register.htm;jsessionid=B42EDF0A440C944AD807EC2D3F96B2C6 - Response Code: 200
Valid link: https://parabank.parasoft.com/parabank/services/ParaBank;jsessionid=B42EDF0A440C944AD807EC2D3F96B2C6?wsdl - Response Code: 200
Valid link: https://parabank.parasoft.com/parabank/services/ParaBank;jsessionid=B42EDF0A440C944AD807EC2D3F96B2C6?wsdl - Response Code: 200
Valid link: https://parabank.parasoft.com/parabank/services/ParaBank;jsessionid=B42EDF0A440C944AD807EC2D3F96B2C6?wsdl - Response Code: 200
Valid link: https://parabank.parasoft.com/parabank/services/ParaBank;jsessionid=B42EDF0A440C944AD807EC2D3F96B2C6?wsdl - Response Code: 200
Valid link: https://parabank.parasoft.com/parabank/services/bank;jsessionid=B42EDF0A440C944AD807EC2D3F96B2C6?_wadl&_type=xml - Response Code: 200
Valid link: https://parabank.parasoft.com/parabank/services/bank;jsessionid=B42EDF0A440C944AD807EC2D3F96B2C6?_wadl&_type=xml - Response Code: 200
Valid link: https://parabank.parasoft.com/parabank/services/bank;jsessionid=B42EDF0A440C944AD807EC2D3F96B2C6?_wadl&_type=xml - Response Code: 200
Valid link: https://parabank.parasoft.com/parabank/services.htm;jsessionid=B42EDF0A440C944AD807EC2D3F96B2C6 - Response Code: 200
Valid link: https://parabank.parasoft.com/parabank/news.htm;jsessionid=B42EDF0A440C944AD807EC2D3F96B2C6#6 - Response Code: 200
Valid link: https://parabank.parasoft.com/parabank/news.htm;jsessionid=B42EDF0A440C944AD807EC2D3F96B2C6#5 - Response Code: 200
Valid link: https://parabank.parasoft.com/parabank/news.htm;jsessionid=B42EDF0A440C944AD807EC2D3F96B2C6#4 - Response Code: 200
Valid link: https://parabank.parasoft.com/parabank/news.htm;jsessionid=B42EDF0A440C944AD807EC2D3F96B2C6 - Response Code: 200
Valid link: https://parabank.parasoft.com/parabank/index.htm;jsessionid=B42EDF0A440C944AD807EC2D3F96B2C6 - Response Code: 200
Valid link: https://parabank.parasoft.com/parabank/about.htm;jsessionid=B42EDF0A440C944AD807EC2D3F96B2C6 - Response Code: 200
Valid link: https://parabank.parasoft.com/parabank/services.htm;jsessionid=B42EDF0A440C944AD807EC2D3F96B2C6 - Response Code: 200
Valid link: http://www.parasoft.com/jsp/products.jsp - Response Code: 301
Valid link: http://www.parasoft.com/jsp/pr/contacts.jsp - Response Code: 301
Valid link: http://forums.parasoft.com/ - Response Code: 301
Valid link: https://parabank.parasoft.com/parabank/sitemap.htm;jsessionid=B42EDF0A440C944AD807EC2D3F96B2C6 - Response Code: 200
Valid link: https://parabank.parasoft.com/parabank/contact.htm;jsessionid=B42EDF0A440C944AD807EC2D3F96B2C6 - Response Code: 200
Valid link: http://www.parasoft.com/ - Response Code: 301
Fetching and checking all images on the page
Valid link: https://parabank.parasoft.com/parabank/images/clear.gif;jsessionid=B42EDF0A440C944AD807EC2D3F96B2C6 - Response Code: 200
Valid link: https://parabank.parasoft.com/parabank/images/logo.gif;jsessionid=B42EDF0A440C944AD807EC2D3F96B2C6 - Response Code: 200
Total number of images: 2
Fetching and checking all buttons on the page
Total number of buttons: 0
Fetching and checking all checkboxes on the page
Total number of checkboxes: 0
Fetching and checking all textboxes on the page
Total number of textboxes: 1
Fetching and checking all combo boxes on the page
Total number of combo boxes: 0
Fetching and checking all date-time pickers on the page
Total number of date-time pickers: 0
Counts of response codes found on the page:
Response Code 200: 29
Response Code 301: 6]]>
  </system-out>
</testsuite> <!-- AutomationQA2.AutomationDemo2.ElementChecker -->
