<?xml version="1.0" encoding="UTF-8"?>
<!-- Generated by org.testng.reporters.JUnitReportReporter -->
<testsuite hostname="DESKTOP-UO1OTNH" failures="0" tests="4" name="AutomationQA2.AutomationDemo2.GoogleSearchTest" time="21.153" errors="0" timestamp="2024-08-08T00:54:46 IST" skipped="0">
  <testcase classname="AutomationQA2.AutomationDemo2.GoogleSearchTest" name="searchTestNG" time="2.615"/>
  <system-out/>
  <testcase classname="AutomationQA2.AutomationDemo2.GoogleSearchTest" name="searchAutomationTesting" time="6.811"/>
  <system-out/>
  <testcase classname="AutomationQA2.AutomationDemo2.GoogleSearchTest" name="searchJavaProgramming" time="8.602"/>
  <system-out/>
  <testcase classname="AutomationQA2.AutomationDemo2.GoogleSearchTest" name="searchSeleniumWebDriver" time="3.125"/>
  <system-out/>
</testsuite> <!-- AutomationQA2.AutomationDemo2.GoogleSearchTest -->
