<?xml version="1.0" encoding="UTF-8"?>
<!-- Generated by org.testng.reporters.JUnitReportReporter -->
<testsuite hostname="DESKTOP-UO1OTNH" failures="0" tests="4" name="automationexerciseshoping.Dropdown" time="9.409" errors="0" timestamp="2024-08-11T22:15:00 IST" skipped="0">
  <testcase classname="automationexerciseshoping.Dropdown" name="CourseNamedropDownFunctionality" time="8.586"/>
  <system-out/>
  <testcase classname="automationexerciseshoping.Dropdown" name="checkjavaSelected" time="0.292"/>
  <system-out>
    <![CDATA[Verify that selct Dropdown and select Java]]>
  </system-out>
  <testcase classname="automationexerciseshoping.Dropdown" name="checkPythonSelected" time="0.256"/>
  <system-out>
    <![CDATA[Verify that select Dropdown and select Python]]>
  </system-out>
  <testcase classname="automationexerciseshoping.Dropdown" name="checkJavaScript" time="0.275"/>
  <system-out>
    <![CDATA[Verify that select Dropdown and select javascript
JavaScript selection in dropdown was successful]]>
  </system-out>
</testsuite> <!-- automationexerciseshoping.Dropdown -->
