<?xml version="1.0" encoding="UTF-8"?>
<!-- Generated by org.testng.reporters.JUnitReportReporter -->
<testsuite hostname="DESKTOP-UO1OTNH" failures="0" tests="3" name="automationexerciseshoping.AddDataFromExcel" time="14.812" errors="0" timestamp="2024-08-12T18:47:28 IST" skipped="0">
  <testcase classname="automationexerciseshoping.AddDataFromExcel" name="loadData" time="0.855"/>
  <system-out/>
  <testcase classname="automationexerciseshoping.AddDataFromExcel" name="loadFramePracticePage" time="10.068"/>
  <system-out/>
  <testcase classname="automationexerciseshoping.AddDataFromExcel" name="addTextInMainFrame" time="3.889"/>
  <system-out/>
</testsuite> <!-- automationexerciseshoping.AddDataFromExcel -->
